<?xml version="1.0" encoding="UTF-8"?>
<testng-results ignored="0" total="1" passed="1" failed="0" skipped="0">
  <reporter-output>
  </reporter-output>
  <suite started-at="2022-09-29T11:47:11 IST" name="Default suite" finished-at="2022-09-29T11:47:56 IST" duration-ms="45242">
    <groups>
    </groups>
    <test started-at="2022-09-29T11:47:11 IST" name="Default test" finished-at="2022-09-29T11:47:56 IST" duration-ms="45242">
      <class name="com.actitime.testscripts.CustomerModule">
        <test-method is-config="true" signature="openBrowser()[pri:0, instance:com.actitime.testscripts.CustomerModule@5fbdfdcf]" started-at="2022-09-29T11:47:11 IST" name="openBrowser" finished-at="2022-09-29T11:47:17 IST" duration-ms="5838" status="PASS">
          <reporter-output>
          </reporter-output>
        </test-method> <!-- openBrowser -->
        <test-method is-config="true" signature="login()[pri:0, instance:com.actitime.testscripts.CustomerModule@5fbdfdcf]" started-at="2022-09-29T11:47:17 IST" name="login" finished-at="2022-09-29T11:47:30 IST" duration-ms="13118" status="PASS">
          <reporter-output>
          </reporter-output>
        </test-method> <!-- login -->
        <test-method signature="testCreateCustomer()[pri:0, instance:com.actitime.testscripts.CustomerModule@5fbdfdcf]" started-at="2022-09-29T11:47:30 IST" name="testCreateCustomer" finished-at="2022-09-29T11:47:53 IST" duration-ms="22590" status="PASS">
          <reporter-output>
          </reporter-output>
        </test-method> <!-- testCreateCustomer -->
        <test-method is-config="true" signature="logout()[pri:0, instance:com.actitime.testscripts.CustomerModule@5fbdfdcf]" started-at="2022-09-29T11:47:53 IST" name="logout" finished-at="2022-09-29T11:47:56 IST" duration-ms="3270" status="PASS">
          <reporter-output>
          </reporter-output>
        </test-method> <!-- logout -->
        <test-method is-config="true" signature="closeBrowser()[pri:0, instance:com.actitime.testscripts.CustomerModule@5fbdfdcf]" started-at="2022-09-29T11:47:56 IST" name="closeBrowser" finished-at="2022-09-29T11:47:56 IST" duration-ms="313" status="PASS">
          <reporter-output>
          </reporter-output>
        </test-method> <!-- closeBrowser -->
      </class> <!-- com.actitime.testscripts.CustomerModule -->
    </test> <!-- Default test -->
  </suite> <!-- Default suite -->
</testng-results>
