<?xml version="1.0" encoding="UTF-8"?>
<testng-results ignored="0" total="1" passed="1" failed="0" skipped="0">
  <reporter-output>
  </reporter-output>
  <suite started-at="2022-09-27T18:32:59 IST" name="Default suite" finished-at="2022-09-27T18:33:26 IST" duration-ms="27272">
    <groups>
    </groups>
    <test started-at="2022-09-27T18:32:59 IST" name="Default test" finished-at="2022-09-27T18:33:26 IST" duration-ms="27272">
      <class name="com.actitime.testscripts.CustomerModule">
        <test-method is-config="true" signature="openBrowser()[pri:0, instance:com.actitime.testscripts.CustomerModule@662b4c69]" started-at="2022-09-27T18:32:59 IST" name="openBrowser" finished-at="2022-09-27T18:33:04 IST" duration-ms="5133" status="PASS">
          <reporter-output>
          </reporter-output>
        </test-method> <!-- openBrowser -->
        <test-method is-config="true" signature="login()[pri:0, instance:com.actitime.testscripts.CustomerModule@662b4c69]" started-at="2022-09-27T18:33:04 IST" name="login" finished-at="2022-09-27T18:33:04 IST" duration-ms="2" status="PASS">
          <reporter-output>
          </reporter-output>
        </test-method> <!-- login -->
        <test-method signature="testCreateCustomer()[pri:0, instance:com.actitime.testscripts.CustomerModule@662b4c69]" started-at="2022-09-27T18:33:04 IST" name="testCreateCustomer" finished-at="2022-09-27T18:33:26 IST" duration-ms="21367" status="PASS">
          <reporter-output>
          </reporter-output>
        </test-method> <!-- testCreateCustomer -->
        <test-method is-config="true" signature="closeBrowser()[pri:0, instance:com.actitime.testscripts.CustomerModule@662b4c69]" started-at="2022-09-27T18:33:26 IST" name="closeBrowser" finished-at="2022-09-27T18:33:26 IST" duration-ms="715" status="PASS">
          <reporter-output>
          </reporter-output>
        </test-method> <!-- closeBrowser -->
      </class> <!-- com.actitime.testscripts.CustomerModule -->
    </test> <!-- Default test -->
  </suite> <!-- Default suite -->
</testng-results>
