<?xml version="1.0" encoding="UTF-8"?>
<testng-results ignored="0" total="1" passed="1" failed="0" skipped="0">
  <reporter-output>
  </reporter-output>
  <suite started-at="2022-09-28T22:42:30 IST" name="Default suite" finished-at="2022-09-28T22:43:32 IST" duration-ms="61544">
    <groups>
    </groups>
    <test started-at="2022-09-28T22:42:30 IST" name="Default test" finished-at="2022-09-28T22:43:32 IST" duration-ms="61544">
      <class name="com.actitime.testscripts.CustomerModule">
        <test-method is-config="true" signature="openBrowser()[pri:0, instance:com.actitime.testscripts.CustomerModule@505fc5a4]" started-at="2022-09-28T22:42:30 IST" name="openBrowser" finished-at="2022-09-28T22:42:38 IST" duration-ms="8201" status="PASS">
          <reporter-output>
          </reporter-output>
        </test-method> <!-- openBrowser -->
        <test-method is-config="true" signature="login()[pri:0, instance:com.actitime.testscripts.CustomerModule@505fc5a4]" started-at="2022-09-28T22:42:38 IST" name="login" finished-at="2022-09-28T22:43:05 IST" duration-ms="26833" status="PASS">
          <reporter-output>
          </reporter-output>
        </test-method> <!-- login -->
        <test-method signature="testCreateCustomer()[pri:0, instance:com.actitime.testscripts.CustomerModule@505fc5a4]" started-at="2022-09-28T22:43:05 IST" name="testCreateCustomer" finished-at="2022-09-28T22:43:27 IST" duration-ms="22089" status="PASS">
          <reporter-output>
          </reporter-output>
        </test-method> <!-- testCreateCustomer -->
        <test-method is-config="true" signature="logout()[pri:0, instance:com.actitime.testscripts.CustomerModule@505fc5a4]" started-at="2022-09-28T22:43:27 IST" name="logout" finished-at="2022-09-28T22:43:31 IST" duration-ms="3984" status="PASS">
          <reporter-output>
          </reporter-output>
        </test-method> <!-- logout -->
        <test-method is-config="true" signature="closeBrowser()[pri:0, instance:com.actitime.testscripts.CustomerModule@505fc5a4]" started-at="2022-09-28T22:43:31 IST" name="closeBrowser" finished-at="2022-09-28T22:43:32 IST" duration-ms="331" status="PASS">
          <reporter-output>
          </reporter-output>
        </test-method> <!-- closeBrowser -->
      </class> <!-- com.actitime.testscripts.CustomerModule -->
    </test> <!-- Default test -->
  </suite> <!-- Default suite -->
</testng-results>
